Training with model: simple
Joining training... 
Joined!
========== Step 1 ==========
Getting new model...
	Reading rows...
Training...
Sending gradients...
Waiting clock...
========== Step 2 ==========
Getting new model...
	Reading rows...
Training...
Sending gradients...
Waiting clock...
========== Step 3 ==========
Getting new model...
	Reading rows...
Training...
Sending gradients...
Waiting clock...
========== Step 4 ==========
Getting new model...
	Reading rows...
Training...
Sending gradients...
Waiting clock...
========== Step 5 ==========
Getting new model...
	Reading rows...
Training...
Sending gradients...
Waiting clock...
========== Step 6 ==========
Getting new model...
	Reading rows...
Training...
Sending gradients...
Waiting clock...
========== Step 7 ==========
Getting new model...
	Reading rows...
Training...
Sending gradients...
Waiting clock...
========== Step 8 ==========
Getting new model...
	Reading rows...
Training...
Sending gradients...
Waiting clock...
========== Step 9 ==========
Getting new model...
	Reading rows...
Training...
Sending gradients...
Waiting clock...
========== Step 10 ==========
Getting new model...
	Reading rows...
Training...
Sending gradients...
Waiting clock...
========== Step 11 ==========
Getting new model...
	Reading rows...
Training...
Sending gradients...
Waiting clock...
========== Step 12 ==========
Getting new model...
	Reading rows...
Training...
Sending gradients...
Waiting clock...
========== Step 13 ==========
Getting new model...
	Reading rows...
Training...
Sending gradients...
Waiting clock...
========== Step 14 ==========
Getting new model...
	Reading rows...
Training...
Sending gradients...
Waiting clock...
========== Step 15 ==========
Getting new model...
	Reading rows...
Training...
Sending gradients...
Waiting clock...
========== Step 16 ==========
Getting new model...
	Reading rows...
Training...
Sending gradients...
Waiting clock...
========== Step 17 ==========
Getting new model...
	Reading rows...
Training...
Sending gradients...
Waiting clock...
========== Step 18 ==========
Getting new model...
	Reading rows...
Training...
Sending gradients...
Waiting clock...
========== Step 19 ==========
Getting new model...
	Reading rows...
Training...
Sending gradients...
Waiting clock...
========== Step 20 ==========
Getting new model...
	Reading rows...
Training...
Sending gradients...
Waiting clock...
========== Step 21 ==========
Getting new model...
	Reading rows...
Training...
Sending gradients...
Waiting clock...
========== Step 22 ==========
Getting new model...
	Reading rows...
Training...
Sending gradients...
Waiting clock...
========== Step 23 ==========
Getting new model...
	Reading rows...
Training...
Sending gradients...
Waiting clock...
========== Step 24 ==========
Getting new model...
	Reading rows...
Training...
Sending gradients...
Waiting clock...
========== Step 25 ==========
Getting new model...
	Reading rows...
Training...
Sending gradients...
Waiting clock...
========== Step 26 ==========
Getting new model...
	Reading rows...
Training...
Sending gradients...
Waiting clock...
========== Step 27 ==========
Getting new model...
	Reading rows...
Training...
Sending gradients...
Waiting clock...
========== Step 28 ==========
Getting new model...
	Reading rows...
Training...
Sending gradients...
Waiting clock...
========== Step 29 ==========
Getting new model...
	Reading rows...
Training...
Sending gradients...
Waiting clock...
========== Step 30 ==========
Getting new model...
	Reading rows...
Training...
Sending gradients...
Waiting clock...
========== Step 31 ==========
Getting new model...
	Reading rows...
Training...
Sending gradients...
Waiting clock...
========== Step 32 ==========
Getting new model...
	Reading rows...
Training...
Sending gradients...
Waiting clock...
========== Step 33 ==========
Getting new model...
	Reading rows...
Training...
Sending gradients...
Waiting clock...
========== Step 34 ==========
Getting new model...
	Reading rows...
Training...
Sending gradients...
Waiting clock...
========== Step 35 ==========
Getting new model...
	Reading rows...
Training...
Sending gradients...
Waiting clock...
========== Step 36 ==========
Getting new model...
	Reading rows...
Training...
Sending gradients...
Waiting clock...
========== Step 37 ==========
Getting new model...
	Reading rows...
Training...
Sending gradients...
Waiting clock...
========== Step 38 ==========
Getting new model...
	Reading rows...
Training...
Sending gradients...
Waiting clock...
========== Step 39 ==========
Getting new model...
	Reading rows...
Training...
Sending gradients...
Waiting clock...
========== Step 40 ==========
Getting new model...
	Reading rows...
